<?xml version="1.0" encoding="UTF-8"?>
<!-- Generated by org.testng.reporters.JUnitXMLReporter -->
<testsuite ignored="0" hostname="Murali" failures="1" tests="26" name="smoke Tests" time="313.836" errors="0" timestamp="2026-08-21T16:01:01 IST">
  <testcase classname="loginTestCases.ValidLoginTestCases" name="validLoginTest" time="7.527"/>
  <testcase classname="loginTestCases.InvalidLoginTestCases" name="Verify_login_with_invalid_Username_and_Password" time="2.479"/>
  <testcase classname="loginTestCases.InvalidLoginTestCases" name="Verify_login_with_empty_username_and_wrong_password" time="2.252"/>
  <testcase classname="loginTestCases.InvalidLoginTestCases" name="Verify_login_with_wrong_username_and_empty_password" time="2.179"/>
  <testcase classname="loginTestCases.InvalidLoginTestCases" name="Verify_login_with_empty_username_and_empty_password" time="2.179"/>
  <testcase classname="loginTestCases.InvalidLoginTestCases" name="Verify_userlogin_with_invalid_username_and_invalid_password" time="4.989"/>
  <testcase classname="loginTestCases.InvalidLoginTestCases" name="Verify_Userlogin_with_valid_username_and_invalid_password" time="4.641"/>
  <testcase classname="loginTestCases.InvalidLoginTestCases" name="Verify_Userlogin_with_invalid_username_and_empty_password" time="4.334"/>
  <testcase classname="loginTestCases.InvalidLoginTestCases" name="Verify_Userlogin_with_invalid_username_and_valid_password" time="4.527"/>
  <testcase classname="loginTestCases.InvalidLoginTestCases" name="Verify_Userlogin_with_empty_username_and_invalid_password" time="4.329"/>
  <testcase classname="tests.HomepageTest" name="validLoginTest" time="4.225"/>
  <testcase classname="tests.HomepageTest" name="Verify_pdf_search" time="23.33"/>
  <testcase classname="tests.HomepageTest" name="Verify_a3dasm_search" time="16.515"/>
  <testcase classname="tests.HomepageTest" name="Verify_a3dprt_search" time="14.875"/>
  <testcase classname="tests.HomepageTest" name="Verify_csv_search" time="14.129"/>
  <testcase classname="tests.HomepageTest" name="Verify_dxf_search" time="14.396"/>
  <testcase classname="tests.HomepageTest" name="Verify_dwg_search" time="14.259"/>
  <testcase classname="tests.HomepageTest" name="Verify_docx_search" time="14.166"/>
  <testcase classname="tests.HomepageTest" name="Verify_pptx_search" time="20.128"/>
  <testcase classname="tests.HomepageTest" name="Verify_jpg_search" time="15.324"/>
  <testcase classname="tests.HomepageTest" name="Verify_png_search" time="14.561"/>
  <testcase classname="tests.HomepageTest" name="Verify_xlsx_search" time="14.783"/>
  <testcase classname="tests.HomepageTest" name="Verify_tiff_search" time="14.5"/>
  <testcase classname="tests.HomepageTest" name="Verify_folder_search" time="20.444"/>
  <testcase classname="tests.HomepageTest" name="search_Root_Location_File" time="25.728"/>
  <testcase classname="tests.HomepageTest" name="search_Root_Location_Folder" time="4.641">
    <failure type="com.microsoft.playwright.PlaywrightException" message="Error {
  message=&amp;apos;Error: strict mode violation: getByText(&amp;quot;ui-btn&amp;quot;) resolved to 2 elements:
    1) &amp;lt;span class=&amp;quot;ui-button-text ui-clickable&amp;quot;&amp;gt;ui-btn&amp;lt;/span&amp;gt; aka getByRole(AriaRole.BUTTON, new Page.GetByRoleOptions().setName(&amp;quot;ui-btn&amp;quot;))
    2) &amp;lt;span class=&amp;quot;ui-button-text ui-clickable&amp;quot;&amp;gt;ui-btn&amp;lt;/span&amp;gt; aka locator(&amp;quot;p-calendar&amp;quot;).getByText(&amp;quot;ui-btn&amp;quot;)

  name=&amp;apos;Error
  stack=&amp;apos;Error: Error: strict mode violation: getByText(&amp;quot;ui-btn&amp;quot;) resolved to 2 elements:
    1) &amp;lt;span class=&amp;quot;ui-button-text ui-clickable&amp;quot;&amp;gt;ui-btn&amp;lt;/span&amp;gt; aka getByRole(AriaRole.BUTTON, new Page.GetByRoleOptions().setName(&amp;quot;ui-btn&amp;quot;))
    2) &amp;lt;span class=&amp;quot;ui-button-text ui-clickable&amp;quot;&amp;gt;ui-btn&amp;lt;/span&amp;gt; aka locator(&amp;quot;p-calendar&amp;quot;).getByText(&amp;quot;ui-btn&amp;quot;)

    at CRExecutionContext.evaluateWithArguments (C:\Users\DELL\AppData\Local\Temp\playwright-java-5478862223738583161\package\lib\server\chromium\crExecutionContext.js:80:13)
    at async LongStandingScope._race (C:\Users\DELL\AppData\Local\Temp\playwright-java-5478862223738583161\package\lib\utils\isomorphic\manualPromise.js:94:14)
    at async evaluateExpression (C:\Users\DELL\AppData\Local\Temp\playwright-java-5478862223738583161\package\lib\server\javascript.js:217:12)
    at async C:\Users\DELL\AppData\Local\Temp\playwright-java-5478862223738583161\package\lib\server\frames.js:910:22
    at async Frame.retryWithProgressAndTimeouts (C:\Users\DELL\AppData\Local\Temp\playwright-java-5478862223738583161\package\lib\server\frames.js:880:24)
    at async Frame.click (C:\Users\DELL\AppData\Local\Temp\playwright-java-5478862223738583161\package\lib\server\frames.js:953:27)
    at async FrameDispatcher.click (C:\Users\DELL\AppData\Local\Temp\playwright-java-5478862223738583161\package\lib\server\dispatchers\frameDispatcher.js:117:12)
    at async ProgressController.run (C:\Users\DELL\AppData\Local\Temp\playwright-java-5478862223738583161\package\lib\server\progress.js:78:22)
    at async FrameDispatcher._runCommand (C:\Users\DELL\AppData\Local\Temp\playwright-java-5478862223738583161\package\lib\server\dispatchers\dispatcher.js:95:14)
    at async DispatcherConnection.dispatch (C:\Users\DELL\AppData\Local\Temp\playwright-java-5478862223738583161\package\lib\server\dispatchers\dispatcher.js:329:22)
}
Call log:
-   - waiting for getByText(&amp;quot;ui-btn&amp;quot;)
">
      <![CDATA[com.microsoft.playwright.PlaywrightException: Error {
  message='Error: strict mode violation: getByText("ui-btn") resolved to 2 elements:
    1) <span class="ui-button-text ui-clickable">ui-btn</span> aka getByRole(AriaRole.BUTTON, new Page.GetByRoleOptions().setName("ui-btn"))
    2) <span class="ui-button-text ui-clickable">ui-btn</span> aka locator("p-calendar").getByText("ui-btn")

  name='Error
  stack='Error: Error: strict mode violation: getByText("ui-btn") resolved to 2 elements:
    1) <span class="ui-button-text ui-clickable">ui-btn</span> aka getByRole(AriaRole.BUTTON, new Page.GetByRoleOptions().setName("ui-btn"))
    2) <span class="ui-button-text ui-clickable">ui-btn</span> aka locator("p-calendar").getByText("ui-btn")

    at CRExecutionContext.evaluateWithArguments (C:\Users\DELL\AppData\Local\Temp\playwright-java-5478862223738583161\package\lib\server\chromium\crExecutionContext.js:80:13)
    at async LongStandingScope._race (C:\Users\DELL\AppData\Local\Temp\playwright-java-5478862223738583161\package\lib\utils\isomorphic\manualPromise.js:94:14)
    at async evaluateExpression (C:\Users\DELL\AppData\Local\Temp\playwright-java-5478862223738583161\package\lib\server\javascript.js:217:12)
    at async C:\Users\DELL\AppData\Local\Temp\playwright-java-5478862223738583161\package\lib\server\frames.js:910:22
    at async Frame.retryWithProgressAndTimeouts (C:\Users\DELL\AppData\Local\Temp\playwright-java-5478862223738583161\package\lib\server\frames.js:880:24)
    at async Frame.click (C:\Users\DELL\AppData\Local\Temp\playwright-java-5478862223738583161\package\lib\server\frames.js:953:27)
    at async FrameDispatcher.click (C:\Users\DELL\AppData\Local\Temp\playwright-java-5478862223738583161\package\lib\server\dispatchers\frameDispatcher.js:117:12)
    at async ProgressController.run (C:\Users\DELL\AppData\Local\Temp\playwright-java-5478862223738583161\package\lib\server\progress.js:78:22)
    at async FrameDispatcher._runCommand (C:\Users\DELL\AppData\Local\Temp\playwright-java-5478862223738583161\package\lib\server\dispatchers\dispatcher.js:95:14)
    at async DispatcherConnection.dispatch (C:\Users\DELL\AppData\Local\Temp\playwright-java-5478862223738583161\package\lib\server\dispatchers\dispatcher.js:329:22)
}
Call log:
-   - waiting for getByText("ui-btn")

at com.microsoft.playwright.impl.WaitableResult.get(WaitableResult.java:56)
at com.microsoft.playwright.impl.ChannelOwner.runUntil(ChannelOwner.java:138)
at com.microsoft.playwright.impl.Connection.sendMessage(Connection.java:131)
at com.microsoft.playwright.impl.ChannelOwner.sendMessage(ChannelOwner.java:124)
at com.microsoft.playwright.impl.FrameImpl.clickImpl(FrameImpl.java:241)
at com.microsoft.playwright.impl.FrameImpl.click(FrameImpl.java:232)
at com.microsoft.playwright.impl.LocatorImpl.click(LocatorImpl.java:164)
at com.microsoft.playwright.Locator.click(Locator.java:2500)
at pages.Homepage.searchFile(Homepage.java:116)
at pages.Homepage.search_File_Root_Location(Homepage.java:335)
at tests.HomepageTest.search_Root_Location_Folder(HomepageTest.java:118)
at java.base/java.util.ArrayList.forEach(ArrayList.java:1596)
Caused by: com.microsoft.playwright.impl.DriverException: Error {
  message='Error: strict mode violation: getByText("ui-btn") resolved to 2 elements:
    1) <span class="ui-button-text ui-clickable">ui-btn</span> aka getByRole(AriaRole.BUTTON, new Page.GetByRoleOptions().setName("ui-btn"))
    2) <span class="ui-button-text ui-clickable">ui-btn</span> aka locator("p-calendar").getByText("ui-btn")

  name='Error
  stack='Error: Error: strict mode violation: getByText("ui-btn") resolved to 2 elements:
    1) <span class="ui-button-text ui-clickable">ui-btn</span> aka getByRole(AriaRole.BUTTON, new Page.GetByRoleOptions().setName("ui-btn"))
    2) <span class="ui-button-text ui-clickable">ui-btn</span> aka locator("p-calendar").getByText("ui-btn")

    at CRExecutionContext.evaluateWithArguments (C:\Users\DELL\AppData\Local\Temp\playwright-java-5478862223738583161\package\lib\server\chromium\crExecutionContext.js:80:13)
    at async LongStandingScope._race (C:\Users\DELL\AppData\Local\Temp\playwright-java-5478862223738583161\package\lib\utils\isomorphic\manualPromise.js:94:14)
    at async evaluateExpression (C:\Users\DELL\AppData\Local\Temp\playwright-java-5478862223738583161\package\lib\server\javascript.js:217:12)
    at async C:\Users\DELL\AppData\Local\Temp\playwright-java-5478862223738583161\package\lib\server\frames.js:910:22
    at async Frame.retryWithProgressAndTimeouts (C:\Users\DELL\AppData\Local\Temp\playwright-java-5478862223738583161\package\lib\server\frames.js:880:24)
    at async Frame.click (C:\Users\DELL\AppData\Local\Temp\playwright-java-5478862223738583161\package\lib\server\frames.js:953:27)
    at async FrameDispatcher.click (C:\Users\DELL\AppData\Local\Temp\playwright-java-5478862223738583161\package\lib\server\dispatchers\frameDispatcher.js:117:12)
    at async ProgressController.run (C:\Users\DELL\AppData\Local\Temp\playwright-java-5478862223738583161\package\lib\server\progress.js:78:22)
    at async FrameDispatcher._runCommand (C:\Users\DELL\AppData\Local\Temp\playwright-java-5478862223738583161\package\lib\server\dispatchers\dispatcher.js:95:14)
    at async DispatcherConnection.dispatch (C:\Users\DELL\AppData\Local\Temp\playwright-java-5478862223738583161\package\lib\server\dispatchers\dispatcher.js:329:22)
}
Call log:
-   - waiting for getByText("ui-btn")

at com.microsoft.playwright.impl.Connection.dispatch(Connection.java:262)
at com.microsoft.playwright.impl.Connection.processOneMessage(Connection.java:214)
at com.microsoft.playwright.impl.ChannelOwner.runUntil(ChannelOwner.java:136)
... 39 more
... Removed 29 stack frames]]>
    </failure>
  </testcase> <!-- search_Root_Location_Folder -->
</testsuite> <!-- smoke Tests -->
