<?xml version="1.0" encoding="UTF-8"?>
<testng-results ignored="0" total="23" passed="23" failed="0" skipped="0">
  <reporter-output>
  </reporter-output>
  <suite started-at="2026-07-30T23:41:57 IST" name="Playwright Test Suite" finished-at="2026-07-30T23:46:12 IST" duration-ms="255847">
    <groups>
    </groups>
    <test started-at="2026-07-30T23:41:57 IST" name="smoke Tests" finished-at="2026-07-30T23:46:12 IST" duration-ms="255847">
      <class name="tests.HomepageTest">
        <test-method is-config="true" signature="setup()[pri:0, instance:tests.HomepageTest@273444fe]" started-at="2026-07-30T23:42:51 IST" name="setup" finished-at="2026-07-30T23:42:54 IST" duration-ms="2556" status="PASS">
          <reporter-output>
          </reporter-output>
        </test-method> <!-- setup -->
        <test-method signature="validLoginTest()[pri:1, instance:tests.HomepageTest@273444fe]" started-at="2026-07-30T23:42:54 IST" name="validLoginTest" description="Verify login with valid Company and User credentials.." finished-at="2026-07-30T23:42:58 IST" duration-ms="4016" status="PASS">
          <reporter-output>
          </reporter-output>
        </test-method> <!-- validLoginTest -->
        <test-method signature="Verify_pdf_search()[pri:2, instance:tests.HomepageTest@273444fe]" started-at="2026-07-30T23:42:58 IST" name="Verify_pdf_search" description="Verify_pdf_search" finished-at="2026-07-30T23:43:16 IST" duration-ms="18218" status="PASS">
          <reporter-output>
          </reporter-output>
        </test-method> <!-- Verify_pdf_search -->
        <test-method signature="Verify_a3dasm_search()[pri:3, instance:tests.HomepageTest@273444fe]" started-at="2026-07-30T23:43:16 IST" name="Verify_a3dasm_search" description="Verify_a3dasm_search" finished-at="2026-07-30T23:43:32 IST" duration-ms="16323" status="PASS">
          <reporter-output>
          </reporter-output>
        </test-method> <!-- Verify_a3dasm_search -->
        <test-method signature="Verify_a3dprt_search()[pri:4, instance:tests.HomepageTest@273444fe]" started-at="2026-07-30T23:43:32 IST" name="Verify_a3dprt_search" description="Verify_a3dprt_search" finished-at="2026-07-30T23:43:48 IST" duration-ms="15763" status="PASS">
          <reporter-output>
          </reporter-output>
        </test-method> <!-- Verify_a3dprt_search -->
        <test-method signature="Verify_csv_search()[pri:5, instance:tests.HomepageTest@273444fe]" started-at="2026-07-30T23:43:48 IST" name="Verify_csv_search" description="Verify_csv_search" finished-at="2026-07-30T23:44:04 IST" duration-ms="16011" status="PASS">
          <reporter-output>
          </reporter-output>
        </test-method> <!-- Verify_csv_search -->
        <test-method signature="Verify_dxf_search()[pri:6, instance:tests.HomepageTest@273444fe]" started-at="2026-07-30T23:44:04 IST" name="Verify_dxf_search" description="Verify_dxf_search" finished-at="2026-07-30T23:44:20 IST" duration-ms="15992" status="PASS">
          <reporter-output>
          </reporter-output>
        </test-method> <!-- Verify_dxf_search -->
        <test-method signature="Verify_dwg_search()[pri:7, instance:tests.HomepageTest@273444fe]" started-at="2026-07-30T23:44:20 IST" name="Verify_dwg_search" description="Verify_dwg_search" finished-at="2026-07-30T23:44:36 IST" duration-ms="16056" status="PASS">
          <reporter-output>
          </reporter-output>
        </test-method> <!-- Verify_dwg_search -->
        <test-method signature="Verify_docx_search()[pri:8, instance:tests.HomepageTest@273444fe]" started-at="2026-07-30T23:44:36 IST" name="Verify_docx_search" description="Verify_docx_search" finished-at="2026-07-30T23:44:52 IST" duration-ms="15505" status="PASS">
          <reporter-output>
          </reporter-output>
        </test-method> <!-- Verify_docx_search -->
        <test-method signature="Verify_pptx_search()[pri:9, instance:tests.HomepageTest@273444fe]" started-at="2026-07-30T23:44:52 IST" name="Verify_pptx_search" description="Verify_pptx_search" finished-at="2026-07-30T23:45:07 IST" duration-ms="15566" status="PASS">
          <reporter-output>
          </reporter-output>
        </test-method> <!-- Verify_pptx_search -->
        <test-method signature="Verify_jpg_search()[pri:10, instance:tests.HomepageTest@273444fe]" started-at="2026-07-30T23:45:07 IST" name="Verify_jpg_search" description="Verify_jpg_search" finished-at="2026-07-30T23:45:24 IST" duration-ms="16910" status="PASS">
          <reporter-output>
          </reporter-output>
        </test-method> <!-- Verify_jpg_search -->
        <test-method signature="Verify_png_search()[pri:11, instance:tests.HomepageTest@273444fe]" started-at="2026-07-30T23:45:24 IST" name="Verify_png_search" description="Verify_png_search" finished-at="2026-07-30T23:45:40 IST" duration-ms="16194" status="PASS">
          <reporter-output>
          </reporter-output>
        </test-method> <!-- Verify_png_search -->
        <test-method signature="Verify_xlsx_search()[pri:12, instance:tests.HomepageTest@273444fe]" started-at="2026-07-30T23:45:40 IST" name="Verify_xlsx_search" description="Verify_xlsx_search" finished-at="2026-07-30T23:45:56 IST" duration-ms="16117" status="PASS">
          <reporter-output>
          </reporter-output>
        </test-method> <!-- Verify_xlsx_search -->
        <test-method signature="Verify_tiff_search()[pri:13, instance:tests.HomepageTest@273444fe]" started-at="2026-07-30T23:45:56 IST" name="Verify_tiff_search" description="Verify_tiff_search" finished-at="2026-07-30T23:46:12 IST" duration-ms="15502" status="PASS">
          <reporter-output>
          </reporter-output>
        </test-method> <!-- Verify_tiff_search -->
        <test-method is-config="true" signature="teardown()[pri:0, instance:tests.HomepageTest@273444fe]" started-at="2026-07-30T23:46:12 IST" name="teardown" finished-at="2026-07-30T23:46:12 IST" duration-ms="547" status="PASS">
          <reporter-output>
          </reporter-output>
        </test-method> <!-- teardown -->
      </class> <!-- tests.HomepageTest -->
      <class name="loginTestCases.ValidLoginTestCases">
        <test-method is-config="true" signature="setup()[pri:0, instance:loginTestCases.ValidLoginTestCases@2cb4893b]" started-at="2026-07-30T23:41:57 IST" name="setup" finished-at="2026-07-30T23:42:12 IST" duration-ms="15406" status="PASS">
          <reporter-output>
          </reporter-output>
        </test-method> <!-- setup -->
        <test-method signature="validLoginTest()[pri:1, instance:loginTestCases.ValidLoginTestCases@2cb4893b]" started-at="2026-07-30T23:42:12 IST" name="validLoginTest" description="Verify login with valid Company and User credentials" finished-at="2026-07-30T23:42:16 IST" duration-ms="3887" status="PASS">
          <reporter-output>
          </reporter-output>
        </test-method> <!-- validLoginTest -->
        <test-method is-config="true" signature="teardown()[pri:0, instance:loginTestCases.ValidLoginTestCases@2cb4893b]" started-at="2026-07-30T23:42:16 IST" name="teardown" finished-at="2026-07-30T23:42:16 IST" duration-ms="17" status="PASS">
          <reporter-output>
          </reporter-output>
        </test-method> <!-- teardown -->
      </class> <!-- loginTestCases.ValidLoginTestCases -->
      <class name="loginTestCases.InvalidLoginTestCases">
        <test-method is-config="true" signature="setup()[pri:0, instance:loginTestCases.InvalidLoginTestCases@16eb3ea3]" started-at="2026-07-30T23:42:16 IST" name="setup" finished-at="2026-07-30T23:42:19 IST" duration-ms="2638" status="PASS">
          <reporter-output>
          </reporter-output>
        </test-method> <!-- setup -->
        <test-method signature="Verify_login_with_invalid_Username_and_Password()[pri:1, instance:loginTestCases.InvalidLoginTestCases@16eb3ea3]" started-at="2026-07-30T23:42:19 IST" name="Verify_login_with_invalid_Username_and_Password" description="Verify_login_with_invalid_Company_and_User_credentials" finished-at="2026-07-30T23:42:21 IST" duration-ms="2442" status="PASS">
          <reporter-output>
          </reporter-output>
        </test-method> <!-- Verify_login_with_invalid_Username_and_Password -->
        <test-method signature="Verify_login_with_empty_username_and_wrong_password()[pri:2, instance:loginTestCases.InvalidLoginTestCases@16eb3ea3]" started-at="2026-07-30T23:42:21 IST" name="Verify_login_with_empty_username_and_wrong_password" description="Verify_login_with_empty_username_and_wrong_password" finished-at="2026-07-30T23:42:23 IST" duration-ms="2138" status="PASS">
          <reporter-output>
          </reporter-output>
        </test-method> <!-- Verify_login_with_empty_username_and_wrong_password -->
        <test-method signature="Verify_login_with_wrong_username_and_empty_password()[pri:3, instance:loginTestCases.InvalidLoginTestCases@16eb3ea3]" started-at="2026-07-30T23:42:23 IST" name="Verify_login_with_wrong_username_and_empty_password" description="Verify_login_with_wrong_username_and_empty_password" finished-at="2026-07-30T23:42:25 IST" duration-ms="2190" status="PASS">
          <reporter-output>
          </reporter-output>
        </test-method> <!-- Verify_login_with_wrong_username_and_empty_password -->
        <test-method signature="Verify_login_with_empty_username_and_empty_password()[pri:4, instance:loginTestCases.InvalidLoginTestCases@16eb3ea3]" started-at="2026-07-30T23:42:25 IST" name="Verify_login_with_empty_username_and_empty_password" description="Verify_login_with_wrong_username_and_empty_password" finished-at="2026-07-30T23:42:28 IST" duration-ms="2257" status="PASS">
          <reporter-output>
          </reporter-output>
        </test-method> <!-- Verify_login_with_empty_username_and_empty_password -->
        <test-method signature="Verify_userlogin_with_invalid_username_and_invalid_password()[pri:5, instance:loginTestCases.InvalidLoginTestCases@16eb3ea3]" started-at="2026-07-30T23:42:28 IST" name="Verify_userlogin_with_invalid_username_and_invalid_password" description="Verify_userlogin_with_wrong_username_and_wrong_password" finished-at="2026-07-30T23:42:33 IST" duration-ms="4831" status="PASS">
          <reporter-output>
          </reporter-output>
        </test-method> <!-- Verify_userlogin_with_invalid_username_and_invalid_password -->
        <test-method signature="Verify_Userlogin_with_valid_username_and_invalid_password()[pri:6, instance:loginTestCases.InvalidLoginTestCases@16eb3ea3]" started-at="2026-07-30T23:42:33 IST" name="Verify_Userlogin_with_valid_username_and_invalid_password" description="Verify_Userlogin_with_valid_username_and_invalid_password" finished-at="2026-07-30T23:42:37 IST" duration-ms="4743" status="PASS">
          <reporter-output>
          </reporter-output>
        </test-method> <!-- Verify_Userlogin_with_valid_username_and_invalid_password -->
        <test-method signature="Verify_Userlogin_with_invalid_username_and_empty_password()[pri:7, instance:loginTestCases.InvalidLoginTestCases@16eb3ea3]" started-at="2026-07-30T23:42:37 IST" name="Verify_Userlogin_with_invalid_username_and_empty_password" description="Verify_Userlogin_with_invalid_username_and_empty_password" finished-at="2026-07-30T23:42:42 IST" duration-ms="4443" status="PASS">
          <reporter-output>
          </reporter-output>
        </test-method> <!-- Verify_Userlogin_with_invalid_username_and_empty_password -->
        <test-method signature="Verify_Userlogin_with_invalid_username_and_valid_password()[pri:7, instance:loginTestCases.InvalidLoginTestCases@16eb3ea3]" started-at="2026-07-30T23:42:42 IST" name="Verify_Userlogin_with_invalid_username_and_valid_password" description="Verify_Userlogin_with_invalid_username_and_valid_password" finished-at="2026-07-30T23:42:46 IST" duration-ms="4597" status="PASS">
          <reporter-output>
          </reporter-output>
        </test-method> <!-- Verify_Userlogin_with_invalid_username_and_valid_password -->
        <test-method signature="Verify_Userlogin_with_empty_username_and_invalid_password()[pri:8, instance:loginTestCases.InvalidLoginTestCases@16eb3ea3]" started-at="2026-07-30T23:42:46 IST" name="Verify_Userlogin_with_empty_username_and_invalid_password" description="Verify_Userlogin_with_empty_username_and_invalid_password" finished-at="2026-07-30T23:42:51 IST" duration-ms="4372" status="PASS">
          <reporter-output>
          </reporter-output>
        </test-method> <!-- Verify_Userlogin_with_empty_username_and_invalid_password -->
        <test-method is-config="true" signature="teardown()[pri:0, instance:loginTestCases.InvalidLoginTestCases@16eb3ea3]" started-at="2026-07-30T23:42:51 IST" name="teardown" finished-at="2026-07-30T23:42:51 IST" duration-ms="386" status="PASS">
          <reporter-output>
          </reporter-output>
        </test-method> <!-- teardown -->
      </class> <!-- loginTestCases.InvalidLoginTestCases -->
    </test> <!-- smoke Tests -->
  </suite> <!-- Playwright Test Suite -->
</testng-results>
