<?xml version="1.0" encoding="UTF-8"?>
<!-- Generated by org.testng.reporters.JUnitReportReporter -->
<testsuite hostname="Murali" failures="0" tests="2" name="routinecheck5S.OakSystemDrawTest" time="18.682" errors="0" timestamp="2026-08-07T16:28:44 IST" skipped="0">
  <testcase classname="routinecheck5S.OakSystemDrawTest" name="validLoginTest" time="4.383"/>
  <testcase classname="routinecheck5S.OakSystemDrawTest" name="validatingDrawSocketTest" time="14.299"/>
</testsuite> <!-- routinecheck5S.OakSystemDrawTest -->
