<?xml version="1.0" encoding="UTF-8"?>
<!-- Generated by org.testng.reporters.JUnitReportReporter -->
<testsuite hostname="Murali" failures="0" tests="9" name="loginTestCases.InvalidLoginTestCases" time="32.013" errors="0" timestamp="2026-07-30T23:46:13 IST" skipped="0">
  <testcase classname="loginTestCases.InvalidLoginTestCases" name="Verify_login_with_invalid_Username_and_Password" time="2.442"/>
  <testcase classname="loginTestCases.InvalidLoginTestCases" name="Verify_login_with_empty_username_and_wrong_password" time="2.138"/>
  <testcase classname="loginTestCases.InvalidLoginTestCases" name="Verify_login_with_wrong_username_and_empty_password" time="2.190"/>
  <testcase classname="loginTestCases.InvalidLoginTestCases" name="Verify_login_with_empty_username_and_empty_password" time="2.257"/>
  <testcase classname="loginTestCases.InvalidLoginTestCases" name="Verify_userlogin_with_invalid_username_and_invalid_password" time="4.831"/>
  <testcase classname="loginTestCases.InvalidLoginTestCases" name="Verify_Userlogin_with_valid_username_and_invalid_password" time="4.743"/>
  <testcase classname="loginTestCases.InvalidLoginTestCases" name="Verify_Userlogin_with_invalid_username_and_empty_password" time="4.443"/>
  <testcase classname="loginTestCases.InvalidLoginTestCases" name="Verify_Userlogin_with_invalid_username_and_valid_password" time="4.597"/>
  <testcase classname="loginTestCases.InvalidLoginTestCases" name="Verify_Userlogin_with_empty_username_and_invalid_password" time="4.372"/>
</testsuite> <!-- loginTestCases.InvalidLoginTestCases -->
