<?xml version="1.0" encoding="UTF-8"?>
<!-- Generated by org.testng.reporters.JUnitReportReporter -->
<testsuite hostname="Murali" failures="0" tests="9" name="loginTestCases.InvalidLoginTestCases" time="32.581" errors="0" timestamp="2026-08-07T11:45:24 IST" skipped="0">
  <testcase classname="loginTestCases.InvalidLoginTestCases" name="Verify_login_with_invalid_Username_and_Password" time="2.501"/>
  <testcase classname="loginTestCases.InvalidLoginTestCases" name="Verify_login_with_empty_username_and_wrong_password" time="2.221"/>
  <testcase classname="loginTestCases.InvalidLoginTestCases" name="Verify_login_with_wrong_username_and_empty_password" time="2.249"/>
  <testcase classname="loginTestCases.InvalidLoginTestCases" name="Verify_login_with_empty_username_and_empty_password" time="2.249"/>
  <testcase classname="loginTestCases.InvalidLoginTestCases" name="Verify_userlogin_with_invalid_username_and_invalid_password" time="5.312"/>
  <testcase classname="loginTestCases.InvalidLoginTestCases" name="Verify_Userlogin_with_valid_username_and_invalid_password" time="4.629"/>
  <testcase classname="loginTestCases.InvalidLoginTestCases" name="Verify_Userlogin_with_invalid_username_and_empty_password" time="4.441"/>
  <testcase classname="loginTestCases.InvalidLoginTestCases" name="Verify_Userlogin_with_invalid_username_and_valid_password" time="4.610"/>
  <testcase classname="loginTestCases.InvalidLoginTestCases" name="Verify_Userlogin_with_empty_username_and_invalid_password" time="4.369"/>
</testsuite> <!-- loginTestCases.InvalidLoginTestCases -->
