<?xml version="1.0" encoding="UTF-8"?>
<!-- Generated by org.testng.reporters.JUnitReportReporter -->
<testsuite hostname="Murali" failures="0" tests="16" name="tests.HomepageTest" time="304.265" errors="4" timestamp="2026-08-07T11:45:24 IST" skipped="0">
  <testcase classname="tests.HomepageTest" name="validLoginTest" time="3.993"/>
  <testcase classname="tests.HomepageTest" name="Verify_pdf_search" time="21.538"/>
  <testcase classname="tests.HomepageTest" name="Verify_a3dasm_search" time="12.567"/>
  <testcase classname="tests.HomepageTest" name="Verify_a3dprt_search" time="12.324"/>
  <testcase classname="tests.HomepageTest" name="Verify_csv_search" time="12.198"/>
  <testcase classname="tests.HomepageTest" name="Verify_dxf_search" time="23.549"/>
  <testcase classname="tests.HomepageTest" name="Verify_dwg_search" time="13.293"/>
  <testcase classname="tests.HomepageTest" name="Verify_docx_search" time="18.788"/>
  <testcase classname="tests.HomepageTest" name="Verify_pptx_search" time="32.774">
    <error message="Timeout 30000ms exceeded" type="com.microsoft.playwright.TimeoutError">
      <![CDATA[com.microsoft.playwright.TimeoutError: Timeout 30000ms exceeded
at com.microsoft.playwright.impl.WaitableTimeout.get(WaitableTimeout.java:41)
at com.microsoft.playwright.impl.WaitableRace.get(WaitableRace.java:46)
at com.microsoft.playwright.impl.ChannelOwner.runUntil(ChannelOwner.java:138)
at com.microsoft.playwright.impl.BrowserContextImpl.waitForEventWithTimeout(BrowserContextImpl.java:245)
at com.microsoft.playwright.impl.BrowserContextImpl.waitForPageImpl(BrowserContextImpl.java:257)
at com.microsoft.playwright.impl.BrowserContextImpl.lambda$waitForPage$0(BrowserContextImpl.java:250)
at com.microsoft.playwright.impl.WaitForEventLogger.get(WaitForEventLogger.java:49)
at com.microsoft.playwright.impl.ChannelOwner.withWaitLogging(ChannelOwner.java:84)
at com.microsoft.playwright.impl.BrowserContextImpl.waitForPage(BrowserContextImpl.java:250)
at com.microsoft.playwright.BrowserContext.waitForPage(BrowserContext.java:1627)
at pages.Homepage.openFirstSearchResult(Homepage.java:131)
at pages.Homepage.search_File_in_SearchBar(Homepage.java:303)
at tests.HomepageTest.Verify_pptx_search(HomepageTest.java:76)
at java.base/jdk.internal.reflect.DirectMethodHandleAccessor.invoke(DirectMethodHandleAccessor.java:103)
at java.base/java.lang.reflect.Method.invoke(Method.java:580)
at org.testng.internal.invokers.MethodInvocationHelper.invokeMethod(MethodInvocationHelper.java:141)
at org.testng.internal.invokers.TestInvoker.invokeMethod(TestInvoker.java:687)
at org.testng.internal.invokers.TestInvoker.invokeTestMethod(TestInvoker.java:230)
at org.testng.internal.invokers.MethodRunner.runInSequence(MethodRunner.java:63)
at org.testng.internal.invokers.TestInvoker$MethodInvocationAgent.invoke(TestInvoker.java:995)
at org.testng.internal.invokers.TestInvoker.invokeTestMethods(TestInvoker.java:203)
at org.testng.internal.invokers.TestMethodWorker.invokeTestMethods(TestMethodWorker.java:154)
at org.testng.internal.invokers.TestMethodWorker.run(TestMethodWorker.java:134)
at java.base/java.util.ArrayList.forEach(ArrayList.java:1596)
at org.testng.TestRunner.privateRun(TestRunner.java:741)
at org.testng.TestRunner.run(TestRunner.java:616)
at org.testng.SuiteRunner.runTest(SuiteRunner.java:421)
at org.testng.SuiteRunner.runSequentially(SuiteRunner.java:413)
at org.testng.SuiteRunner.privateRun(SuiteRunner.java:373)
at org.testng.SuiteRunner.run(SuiteRunner.java:312)
at org.testng.SuiteRunnerWorker.runSuite(SuiteRunnerWorker.java:52)
at org.testng.SuiteRunnerWorker.run(SuiteRunnerWorker.java:95)
at org.testng.TestNG.runSuitesSequentially(TestNG.java:1274)
at org.testng.TestNG.runSuitesLocally(TestNG.java:1208)
at org.testng.TestNG.runSuites(TestNG.java:1112)
at org.testng.TestNG.run(TestNG.java:1079)
at org.apache.maven.surefire.testng.TestNGExecutor.run(TestNGExecutor.java:308)
at org.apache.maven.surefire.testng.TestNGXmlTestSuite.execute(TestNGXmlTestSuite.java:71)
at org.apache.maven.surefire.testng.TestNGProvider.invoke(TestNGProvider.java:113)
at org.apache.maven.surefire.booter.ForkedBooter.runSuitesInProcess(ForkedBooter.java:385)
at org.apache.maven.surefire.booter.ForkedBooter.execute(ForkedBooter.java:162)
at org.apache.maven.surefire.booter.ForkedBooter.run(ForkedBooter.java:507)
at org.apache.maven.surefire.booter.ForkedBooter.main(ForkedBooter.java:495)
]]>
    </error>
  </testcase> <!-- Verify_pptx_search -->
  <testcase classname="tests.HomepageTest" name="Verify_jpg_search" time="30.566">
    <error message="Error {
  message=&#039;Timeout 30000ms exceeded.
  name=&#039;TimeoutError
  stack=&#039;TimeoutError: Timeout 30000ms exceeded.
    at ProgressController.run (C:\Users\DELL\AppData\Local\Temp\playwright-java-1539214475558037058\package\lib\server\progress.js:68:28)
    at FrameDispatcher._runCommand (C:\Users\DELL\AppData\Local\Temp\playwright-java-1539214475558037058\package\lib\server\dispatchers\dispatcher.js:95:31)
    at DispatcherConnection.dispatch (C:\Users\DELL\AppData\Local\Temp\playwright-java-1539214475558037058\package\lib\server\dispatchers\dispatcher.js:329:39)
}
Call log:
-   - waiting for getByPlaceholder(&quot;Search&quot;)
-     - locator resolved to &lt;input readonly type=&quot;text&quot; pinputtext=&quot;&quot; autocomplete=&quot;off&quot; _ngcontent-nce-c1=&quot;&quot; placeholder=&quot;Search&quot; onfocus=&quot;this.removeAttribute(&#039;readonly&#039;);&quot; ontouchstart=&quot;this.removeAttribute(&#039;readonly&#039;);&quot; class=&quot;ng-untouched ng-pristine ng-valid ui-inputtext ui-corner-all ui-state-default ui-widget ui-state-filled&quot;/&gt;
-   - attempting click action
-     2 × waiting for element to be visible, enabled and stable
-       - element is visible, enabled and stable
-       - scrolling into view if needed
-       - done scrolling
-       - &lt;div class=&quot;ui-widget-overlay ui-dialog-mask&quot;&gt;&lt;/div&gt; intercepts pointer events
-     - retrying click action
-     - waiting 20ms
-     2 × waiting for element to be visible, enabled and stable
-       - element is visible, enabled and stable
-       - scrolling into view if needed
-       - done scrolling
-       - &lt;div class=&quot;ui-widget-overlay ui-dialog-mask&quot;&gt;&lt;/div&gt; intercepts pointer events
-     - retrying click action
-       - waiting 100ms
-     56 × waiting for element to be visible, enabled and stable
-        - element is visible, enabled and stable
-        - scrolling into view if needed
-        - done scrolling
-        - &lt;div class=&quot;ui-widget-overlay ui-dialog-mask&quot;&gt;&lt;/div&gt; intercepts pointer events
-      - retrying click action
-        - waiting 500ms
" type="com.microsoft.playwright.TimeoutError">
      <![CDATA[com.microsoft.playwright.TimeoutError: Error {
  message='Timeout 30000ms exceeded.
  name='TimeoutError
  stack='TimeoutError: Timeout 30000ms exceeded.
    at ProgressController.run (C:\Users\DELL\AppData\Local\Temp\playwright-java-1539214475558037058\package\lib\server\progress.js:68:28)
    at FrameDispatcher._runCommand (C:\Users\DELL\AppData\Local\Temp\playwright-java-1539214475558037058\package\lib\server\dispatchers\dispatcher.js:95:31)
    at DispatcherConnection.dispatch (C:\Users\DELL\AppData\Local\Temp\playwright-java-1539214475558037058\package\lib\server\dispatchers\dispatcher.js:329:39)
}
Call log:
-   - waiting for getByPlaceholder("Search")
-     - locator resolved to <input readonly type="text" pinputtext="" autocomplete="off" _ngcontent-nce-c1="" placeholder="Search" onfocus="this.removeAttribute('readonly');" ontouchstart="this.removeAttribute('readonly');" class="ng-untouched ng-pristine ng-valid ui-inputtext ui-corner-all ui-state-default ui-widget ui-state-filled"/>
-   - attempting click action
-     2 × waiting for element to be visible, enabled and stable
-       - element is visible, enabled and stable
-       - scrolling into view if needed
-       - done scrolling
-       - <div class="ui-widget-overlay ui-dialog-mask"></div> intercepts pointer events
-     - retrying click action
-     - waiting 20ms
-     2 × waiting for element to be visible, enabled and stable
-       - element is visible, enabled and stable
-       - scrolling into view if needed
-       - done scrolling
-       - <div class="ui-widget-overlay ui-dialog-mask"></div> intercepts pointer events
-     - retrying click action
-       - waiting 100ms
-     56 × waiting for element to be visible, enabled and stable
-        - element is visible, enabled and stable
-        - scrolling into view if needed
-        - done scrolling
-        - <div class="ui-widget-overlay ui-dialog-mask"></div> intercepts pointer events
-      - retrying click action
-        - waiting 500ms

at com.microsoft.playwright.impl.WaitableResult.get(WaitableResult.java:52)
at com.microsoft.playwright.impl.ChannelOwner.runUntil(ChannelOwner.java:138)
at com.microsoft.playwright.impl.Connection.sendMessage(Connection.java:131)
at com.microsoft.playwright.impl.ChannelOwner.sendMessage(ChannelOwner.java:124)
at com.microsoft.playwright.impl.FrameImpl.clickImpl(FrameImpl.java:241)
at com.microsoft.playwright.impl.FrameImpl.click(FrameImpl.java:232)
at com.microsoft.playwright.impl.LocatorImpl.click(LocatorImpl.java:164)
at com.microsoft.playwright.Locator.click(Locator.java:2500)
at pages.Homepage.searchFile(Homepage.java:109)
at pages.Homepage.search_File_in_SearchBar(Homepage.java:301)
at tests.HomepageTest.Verify_jpg_search(HomepageTest.java:82)
at java.base/jdk.internal.reflect.DirectMethodHandleAccessor.invoke(DirectMethodHandleAccessor.java:103)
at java.base/java.lang.reflect.Method.invoke(Method.java:580)
at org.testng.internal.invokers.MethodInvocationHelper.invokeMethod(MethodInvocationHelper.java:141)
at org.testng.internal.invokers.TestInvoker.invokeMethod(TestInvoker.java:687)
at org.testng.internal.invokers.TestInvoker.invokeTestMethod(TestInvoker.java:230)
at org.testng.internal.invokers.MethodRunner.runInSequence(MethodRunner.java:63)
at org.testng.internal.invokers.TestInvoker$MethodInvocationAgent.invoke(TestInvoker.java:995)
at org.testng.internal.invokers.TestInvoker.invokeTestMethods(TestInvoker.java:203)
at org.testng.internal.invokers.TestMethodWorker.invokeTestMethods(TestMethodWorker.java:154)
at org.testng.internal.invokers.TestMethodWorker.run(TestMethodWorker.java:134)
at java.base/java.util.ArrayList.forEach(ArrayList.java:1596)
at org.testng.TestRunner.privateRun(TestRunner.java:741)
at org.testng.TestRunner.run(TestRunner.java:616)
at org.testng.SuiteRunner.runTest(SuiteRunner.java:421)
at org.testng.SuiteRunner.runSequentially(SuiteRunner.java:413)
at org.testng.SuiteRunner.privateRun(SuiteRunner.java:373)
at org.testng.SuiteRunner.run(SuiteRunner.java:312)
at org.testng.SuiteRunnerWorker.runSuite(SuiteRunnerWorker.java:52)
at org.testng.SuiteRunnerWorker.run(SuiteRunnerWorker.java:95)
at org.testng.TestNG.runSuitesSequentially(TestNG.java:1274)
at org.testng.TestNG.runSuitesLocally(TestNG.java:1208)
at org.testng.TestNG.runSuites(TestNG.java:1112)
at org.testng.TestNG.run(TestNG.java:1079)
at org.apache.maven.surefire.testng.TestNGExecutor.run(TestNGExecutor.java:308)
at org.apache.maven.surefire.testng.TestNGXmlTestSuite.execute(TestNGXmlTestSuite.java:71)
at org.apache.maven.surefire.testng.TestNGProvider.invoke(TestNGProvider.java:113)
at org.apache.maven.surefire.booter.ForkedBooter.runSuitesInProcess(ForkedBooter.java:385)
at org.apache.maven.surefire.booter.ForkedBooter.execute(ForkedBooter.java:162)
at org.apache.maven.surefire.booter.ForkedBooter.run(ForkedBooter.java:507)
at org.apache.maven.surefire.booter.ForkedBooter.main(ForkedBooter.java:495)
Caused by: com.microsoft.playwright.TimeoutError: Error {
  message='Timeout 30000ms exceeded.
  name='TimeoutError
  stack='TimeoutError: Timeout 30000ms exceeded.
    at ProgressController.run (C:\Users\DELL\AppData\Local\Temp\playwright-java-1539214475558037058\package\lib\server\progress.js:68:28)
    at FrameDispatcher._runCommand (C:\Users\DELL\AppData\Local\Temp\playwright-java-1539214475558037058\package\lib\server\dispatchers\dispatcher.js:95:31)
    at DispatcherConnection.dispatch (C:\Users\DELL\AppData\Local\Temp\playwright-java-1539214475558037058\package\lib\server\dispatchers\dispatcher.js:329:39)
}
Call log:
-   - waiting for getByPlaceholder("Search")
-     - locator resolved to <input readonly type="text" pinputtext="" autocomplete="off" _ngcontent-nce-c1="" placeholder="Search" onfocus="this.removeAttribute('readonly');" ontouchstart="this.removeAttribute('readonly');" class="ng-untouched ng-pristine ng-valid ui-inputtext ui-corner-all ui-state-default ui-widget ui-state-filled"/>
-   - attempting click action
-     2 × waiting for element to be visible, enabled and stable
-       - element is visible, enabled and stable
-       - scrolling into view if needed
-       - done scrolling
-       - <div class="ui-widget-overlay ui-dialog-mask"></div> intercepts pointer events
-     - retrying click action
-     - waiting 20ms
-     2 × waiting for element to be visible, enabled and stable
-       - element is visible, enabled and stable
-       - scrolling into view if needed
-       - done scrolling
-       - <div class="ui-widget-overlay ui-dialog-mask"></div> intercepts pointer events
-     - retrying click action
-       - waiting 100ms
-     56 × waiting for element to be visible, enabled and stable
-        - element is visible, enabled and stable
-        - scrolling into view if needed
-        - done scrolling
-        - <div class="ui-widget-overlay ui-dialog-mask"></div> intercepts pointer events
-      - retrying click action
-        - waiting 500ms

at com.microsoft.playwright.impl.Connection.dispatch(Connection.java:257)
at com.microsoft.playwright.impl.Connection.processOneMessage(Connection.java:214)
at com.microsoft.playwright.impl.ChannelOwner.runUntil(ChannelOwner.java:136)
... 39 more
]]>
    </error>
  </testcase> <!-- Verify_jpg_search -->
  <testcase classname="tests.HomepageTest" name="Verify_png_search" time="30.542">
    <error message="Error {
  message=&#039;Timeout 30000ms exceeded.
  name=&#039;TimeoutError
  stack=&#039;TimeoutError: Timeout 30000ms exceeded.
    at ProgressController.run (C:\Users\DELL\AppData\Local\Temp\playwright-java-1539214475558037058\package\lib\server\progress.js:68:28)
    at FrameDispatcher._runCommand (C:\Users\DELL\AppData\Local\Temp\playwright-java-1539214475558037058\package\lib\server\dispatchers\dispatcher.js:95:31)
    at DispatcherConnection.dispatch (C:\Users\DELL\AppData\Local\Temp\playwright-java-1539214475558037058\package\lib\server\dispatchers\dispatcher.js:329:39)
}
Call log:
-   - waiting for getByPlaceholder(&quot;Search&quot;)
-     - locator resolved to &lt;input readonly type=&quot;text&quot; pinputtext=&quot;&quot; autocomplete=&quot;off&quot; _ngcontent-nce-c1=&quot;&quot; placeholder=&quot;Search&quot; onfocus=&quot;this.removeAttribute(&#039;readonly&#039;);&quot; ontouchstart=&quot;this.removeAttribute(&#039;readonly&#039;);&quot; class=&quot;ng-untouched ng-pristine ng-valid ui-inputtext ui-corner-all ui-state-default ui-widget ui-state-filled&quot;/&gt;
-   - attempting click action
-     2 × waiting for element to be visible, enabled and stable
-       - element is visible, enabled and stable
-       - scrolling into view if needed
-       - done scrolling
-       - &lt;div class=&quot;ui-widget-overlay ui-dialog-mask&quot;&gt;&lt;/div&gt; intercepts pointer events
-     - retrying click action
-     - waiting 20ms
-     2 × waiting for element to be visible, enabled and stable
-       - element is visible, enabled and stable
-       - scrolling into view if needed
-       - done scrolling
-       - &lt;div class=&quot;ui-widget-overlay ui-dialog-mask&quot;&gt;&lt;/div&gt; intercepts pointer events
-     - retrying click action
-       - waiting 100ms
-     56 × waiting for element to be visible, enabled and stable
-        - element is visible, enabled and stable
-        - scrolling into view if needed
-        - done scrolling
-        - &lt;div class=&quot;ui-widget-overlay ui-dialog-mask&quot;&gt;&lt;/div&gt; intercepts pointer events
-      - retrying click action
-        - waiting 500ms
" type="com.microsoft.playwright.TimeoutError">
      <![CDATA[com.microsoft.playwright.TimeoutError: Error {
  message='Timeout 30000ms exceeded.
  name='TimeoutError
  stack='TimeoutError: Timeout 30000ms exceeded.
    at ProgressController.run (C:\Users\DELL\AppData\Local\Temp\playwright-java-1539214475558037058\package\lib\server\progress.js:68:28)
    at FrameDispatcher._runCommand (C:\Users\DELL\AppData\Local\Temp\playwright-java-1539214475558037058\package\lib\server\dispatchers\dispatcher.js:95:31)
    at DispatcherConnection.dispatch (C:\Users\DELL\AppData\Local\Temp\playwright-java-1539214475558037058\package\lib\server\dispatchers\dispatcher.js:329:39)
}
Call log:
-   - waiting for getByPlaceholder("Search")
-     - locator resolved to <input readonly type="text" pinputtext="" autocomplete="off" _ngcontent-nce-c1="" placeholder="Search" onfocus="this.removeAttribute('readonly');" ontouchstart="this.removeAttribute('readonly');" class="ng-untouched ng-pristine ng-valid ui-inputtext ui-corner-all ui-state-default ui-widget ui-state-filled"/>
-   - attempting click action
-     2 × waiting for element to be visible, enabled and stable
-       - element is visible, enabled and stable
-       - scrolling into view if needed
-       - done scrolling
-       - <div class="ui-widget-overlay ui-dialog-mask"></div> intercepts pointer events
-     - retrying click action
-     - waiting 20ms
-     2 × waiting for element to be visible, enabled and stable
-       - element is visible, enabled and stable
-       - scrolling into view if needed
-       - done scrolling
-       - <div class="ui-widget-overlay ui-dialog-mask"></div> intercepts pointer events
-     - retrying click action
-       - waiting 100ms
-     56 × waiting for element to be visible, enabled and stable
-        - element is visible, enabled and stable
-        - scrolling into view if needed
-        - done scrolling
-        - <div class="ui-widget-overlay ui-dialog-mask"></div> intercepts pointer events
-      - retrying click action
-        - waiting 500ms

at com.microsoft.playwright.impl.WaitableResult.get(WaitableResult.java:52)
at com.microsoft.playwright.impl.ChannelOwner.runUntil(ChannelOwner.java:138)
at com.microsoft.playwright.impl.Connection.sendMessage(Connection.java:131)
at com.microsoft.playwright.impl.ChannelOwner.sendMessage(ChannelOwner.java:124)
at com.microsoft.playwright.impl.FrameImpl.clickImpl(FrameImpl.java:241)
at com.microsoft.playwright.impl.FrameImpl.click(FrameImpl.java:232)
at com.microsoft.playwright.impl.LocatorImpl.click(LocatorImpl.java:164)
at com.microsoft.playwright.Locator.click(Locator.java:2500)
at pages.Homepage.searchFile(Homepage.java:109)
at pages.Homepage.search_File_in_SearchBar(Homepage.java:301)
at tests.HomepageTest.Verify_png_search(HomepageTest.java:88)
at java.base/jdk.internal.reflect.DirectMethodHandleAccessor.invoke(DirectMethodHandleAccessor.java:103)
at java.base/java.lang.reflect.Method.invoke(Method.java:580)
at org.testng.internal.invokers.MethodInvocationHelper.invokeMethod(MethodInvocationHelper.java:141)
at org.testng.internal.invokers.TestInvoker.invokeMethod(TestInvoker.java:687)
at org.testng.internal.invokers.TestInvoker.invokeTestMethod(TestInvoker.java:230)
at org.testng.internal.invokers.MethodRunner.runInSequence(MethodRunner.java:63)
at org.testng.internal.invokers.TestInvoker$MethodInvocationAgent.invoke(TestInvoker.java:995)
at org.testng.internal.invokers.TestInvoker.invokeTestMethods(TestInvoker.java:203)
at org.testng.internal.invokers.TestMethodWorker.invokeTestMethods(TestMethodWorker.java:154)
at org.testng.internal.invokers.TestMethodWorker.run(TestMethodWorker.java:134)
at java.base/java.util.ArrayList.forEach(ArrayList.java:1596)
at org.testng.TestRunner.privateRun(TestRunner.java:741)
at org.testng.TestRunner.run(TestRunner.java:616)
at org.testng.SuiteRunner.runTest(SuiteRunner.java:421)
at org.testng.SuiteRunner.runSequentially(SuiteRunner.java:413)
at org.testng.SuiteRunner.privateRun(SuiteRunner.java:373)
at org.testng.SuiteRunner.run(SuiteRunner.java:312)
at org.testng.SuiteRunnerWorker.runSuite(SuiteRunnerWorker.java:52)
at org.testng.SuiteRunnerWorker.run(SuiteRunnerWorker.java:95)
at org.testng.TestNG.runSuitesSequentially(TestNG.java:1274)
at org.testng.TestNG.runSuitesLocally(TestNG.java:1208)
at org.testng.TestNG.runSuites(TestNG.java:1112)
at org.testng.TestNG.run(TestNG.java:1079)
at org.apache.maven.surefire.testng.TestNGExecutor.run(TestNGExecutor.java:308)
at org.apache.maven.surefire.testng.TestNGXmlTestSuite.execute(TestNGXmlTestSuite.java:71)
at org.apache.maven.surefire.testng.TestNGProvider.invoke(TestNGProvider.java:113)
at org.apache.maven.surefire.booter.ForkedBooter.runSuitesInProcess(ForkedBooter.java:385)
at org.apache.maven.surefire.booter.ForkedBooter.execute(ForkedBooter.java:162)
at org.apache.maven.surefire.booter.ForkedBooter.run(ForkedBooter.java:507)
at org.apache.maven.surefire.booter.ForkedBooter.main(ForkedBooter.java:495)
Caused by: com.microsoft.playwright.TimeoutError: Error {
  message='Timeout 30000ms exceeded.
  name='TimeoutError
  stack='TimeoutError: Timeout 30000ms exceeded.
    at ProgressController.run (C:\Users\DELL\AppData\Local\Temp\playwright-java-1539214475558037058\package\lib\server\progress.js:68:28)
    at FrameDispatcher._runCommand (C:\Users\DELL\AppData\Local\Temp\playwright-java-1539214475558037058\package\lib\server\dispatchers\dispatcher.js:95:31)
    at DispatcherConnection.dispatch (C:\Users\DELL\AppData\Local\Temp\playwright-java-1539214475558037058\package\lib\server\dispatchers\dispatcher.js:329:39)
}
Call log:
-   - waiting for getByPlaceholder("Search")
-     - locator resolved to <input readonly type="text" pinputtext="" autocomplete="off" _ngcontent-nce-c1="" placeholder="Search" onfocus="this.removeAttribute('readonly');" ontouchstart="this.removeAttribute('readonly');" class="ng-untouched ng-pristine ng-valid ui-inputtext ui-corner-all ui-state-default ui-widget ui-state-filled"/>
-   - attempting click action
-     2 × waiting for element to be visible, enabled and stable
-       - element is visible, enabled and stable
-       - scrolling into view if needed
-       - done scrolling
-       - <div class="ui-widget-overlay ui-dialog-mask"></div> intercepts pointer events
-     - retrying click action
-     - waiting 20ms
-     2 × waiting for element to be visible, enabled and stable
-       - element is visible, enabled and stable
-       - scrolling into view if needed
-       - done scrolling
-       - <div class="ui-widget-overlay ui-dialog-mask"></div> intercepts pointer events
-     - retrying click action
-       - waiting 100ms
-     56 × waiting for element to be visible, enabled and stable
-        - element is visible, enabled and stable
-        - scrolling into view if needed
-        - done scrolling
-        - <div class="ui-widget-overlay ui-dialog-mask"></div> intercepts pointer events
-      - retrying click action
-        - waiting 500ms

at com.microsoft.playwright.impl.Connection.dispatch(Connection.java:257)
at com.microsoft.playwright.impl.Connection.processOneMessage(Connection.java:214)
at com.microsoft.playwright.impl.ChannelOwner.runUntil(ChannelOwner.java:136)
... 39 more
]]>
    </error>
  </testcase> <!-- Verify_png_search -->
  <testcase classname="tests.HomepageTest" name="Verify_xlsx_search" time="37.893"/>
  <testcase classname="tests.HomepageTest" name="Verify_tiff_search" time="11.753"/>
  <testcase classname="tests.HomepageTest" name="Verify_folder_search" time="18.514"/>
  <testcase classname="tests.HomepageTest" name="search_Root_Location_File" time="22.274"/>
  <testcase classname="tests.HomepageTest" name="search_Root_Location_Folder" time="1.699">
    <error message="Error {
  message=&#039;Error: strict mode violation: getByText(&quot;ui-btn&quot;) resolved to 2 elements:
    1) &lt;span class=&quot;ui-button-text ui-clickable&quot;&gt;ui-btn&lt;/span&gt; aka getByRole(AriaRole.BUTTON, new Page.GetByRoleOptions().setName(&quot;ui-btn&quot;))
    2) &lt;span class=&quot;ui-button-text ui-clickable&quot;&gt;ui-btn&lt;/span&gt; aka locator(&quot;p-calendar&quot;).getByText(&quot;ui-btn&quot;)

  name=&#039;Error
  stack=&#039;Error: Error: strict mode violation: getByText(&quot;ui-btn&quot;) resolved to 2 elements:
    1) &lt;span class=&quot;ui-button-text ui-clickable&quot;&gt;ui-btn&lt;/span&gt; aka getByRole(AriaRole.BUTTON, new Page.GetByRoleOptions().setName(&quot;ui-btn&quot;))
    2) &lt;span class=&quot;ui-button-text ui-clickable&quot;&gt;ui-btn&lt;/span&gt; aka locator(&quot;p-calendar&quot;).getByText(&quot;ui-btn&quot;)

    at CRExecutionContext.evaluateWithArguments (C:\Users\DELL\AppData\Local\Temp\playwright-java-1539214475558037058\package\lib\server\chromium\crExecutionContext.js:80:13)
    at async LongStandingScope._race (C:\Users\DELL\AppData\Local\Temp\playwright-java-1539214475558037058\package\lib\utils\isomorphic\manualPromise.js:94:14)
    at async evaluateExpression (C:\Users\DELL\AppData\Local\Temp\playwright-java-1539214475558037058\package\lib\server\javascript.js:217:12)
    at async C:\Users\DELL\AppData\Local\Temp\playwright-java-1539214475558037058\package\lib\server\frames.js:910:22
    at async Frame.retryWithProgressAndTimeouts (C:\Users\DELL\AppData\Local\Temp\playwright-java-1539214475558037058\package\lib\server\frames.js:880:24)
    at async Frame.click (C:\Users\DELL\AppData\Local\Temp\playwright-java-1539214475558037058\package\lib\server\frames.js:953:27)
    at async FrameDispatcher.click (C:\Users\DELL\AppData\Local\Temp\playwright-java-1539214475558037058\package\lib\server\dispatchers\frameDispatcher.js:117:12)
    at async ProgressController.run (C:\Users\DELL\AppData\Local\Temp\playwright-java-1539214475558037058\package\lib\server\progress.js:78:22)
    at async FrameDispatcher._runCommand (C:\Users\DELL\AppData\Local\Temp\playwright-java-1539214475558037058\package\lib\server\dispatchers\dispatcher.js:95:14)
    at async DispatcherConnection.dispatch (C:\Users\DELL\AppData\Local\Temp\playwright-java-1539214475558037058\package\lib\server\dispatchers\dispatcher.js:329:22)
}
Call log:
-   - waiting for getByText(&quot;ui-btn&quot;)
" type="com.microsoft.playwright.PlaywrightException">
      <![CDATA[com.microsoft.playwright.PlaywrightException: Error {
  message='Error: strict mode violation: getByText("ui-btn") resolved to 2 elements:
    1) <span class="ui-button-text ui-clickable">ui-btn</span> aka getByRole(AriaRole.BUTTON, new Page.GetByRoleOptions().setName("ui-btn"))
    2) <span class="ui-button-text ui-clickable">ui-btn</span> aka locator("p-calendar").getByText("ui-btn")

  name='Error
  stack='Error: Error: strict mode violation: getByText("ui-btn") resolved to 2 elements:
    1) <span class="ui-button-text ui-clickable">ui-btn</span> aka getByRole(AriaRole.BUTTON, new Page.GetByRoleOptions().setName("ui-btn"))
    2) <span class="ui-button-text ui-clickable">ui-btn</span> aka locator("p-calendar").getByText("ui-btn")

    at CRExecutionContext.evaluateWithArguments (C:\Users\DELL\AppData\Local\Temp\playwright-java-1539214475558037058\package\lib\server\chromium\crExecutionContext.js:80:13)
    at async LongStandingScope._race (C:\Users\DELL\AppData\Local\Temp\playwright-java-1539214475558037058\package\lib\utils\isomorphic\manualPromise.js:94:14)
    at async evaluateExpression (C:\Users\DELL\AppData\Local\Temp\playwright-java-1539214475558037058\package\lib\server\javascript.js:217:12)
    at async C:\Users\DELL\AppData\Local\Temp\playwright-java-1539214475558037058\package\lib\server\frames.js:910:22
    at async Frame.retryWithProgressAndTimeouts (C:\Users\DELL\AppData\Local\Temp\playwright-java-1539214475558037058\package\lib\server\frames.js:880:24)
    at async Frame.click (C:\Users\DELL\AppData\Local\Temp\playwright-java-1539214475558037058\package\lib\server\frames.js:953:27)
    at async FrameDispatcher.click (C:\Users\DELL\AppData\Local\Temp\playwright-java-1539214475558037058\package\lib\server\dispatchers\frameDispatcher.js:117:12)
    at async ProgressController.run (C:\Users\DELL\AppData\Local\Temp\playwright-java-1539214475558037058\package\lib\server\progress.js:78:22)
    at async FrameDispatcher._runCommand (C:\Users\DELL\AppData\Local\Temp\playwright-java-1539214475558037058\package\lib\server\dispatchers\dispatcher.js:95:14)
    at async DispatcherConnection.dispatch (C:\Users\DELL\AppData\Local\Temp\playwright-java-1539214475558037058\package\lib\server\dispatchers\dispatcher.js:329:22)
}
Call log:
-   - waiting for getByText("ui-btn")

at com.microsoft.playwright.impl.WaitableResult.get(WaitableResult.java:56)
at com.microsoft.playwright.impl.ChannelOwner.runUntil(ChannelOwner.java:138)
at com.microsoft.playwright.impl.Connection.sendMessage(Connection.java:131)
at com.microsoft.playwright.impl.ChannelOwner.sendMessage(ChannelOwner.java:124)
at com.microsoft.playwright.impl.FrameImpl.clickImpl(FrameImpl.java:241)
at com.microsoft.playwright.impl.FrameImpl.click(FrameImpl.java:232)
at com.microsoft.playwright.impl.LocatorImpl.click(LocatorImpl.java:164)
at com.microsoft.playwright.Locator.click(Locator.java:2500)
at pages.Homepage.searchFile(Homepage.java:114)
at pages.Homepage.search_File_Root_Location(Homepage.java:333)
at tests.HomepageTest.search_Root_Location_Folder(HomepageTest.java:118)
at java.base/jdk.internal.reflect.DirectMethodHandleAccessor.invoke(DirectMethodHandleAccessor.java:103)
at java.base/java.lang.reflect.Method.invoke(Method.java:580)
at org.testng.internal.invokers.MethodInvocationHelper.invokeMethod(MethodInvocationHelper.java:141)
at org.testng.internal.invokers.TestInvoker.invokeMethod(TestInvoker.java:687)
at org.testng.internal.invokers.TestInvoker.invokeTestMethod(TestInvoker.java:230)
at org.testng.internal.invokers.MethodRunner.runInSequence(MethodRunner.java:63)
at org.testng.internal.invokers.TestInvoker$MethodInvocationAgent.invoke(TestInvoker.java:995)
at org.testng.internal.invokers.TestInvoker.invokeTestMethods(TestInvoker.java:203)
at org.testng.internal.invokers.TestMethodWorker.invokeTestMethods(TestMethodWorker.java:154)
at org.testng.internal.invokers.TestMethodWorker.run(TestMethodWorker.java:134)
at java.base/java.util.ArrayList.forEach(ArrayList.java:1596)
at org.testng.TestRunner.privateRun(TestRunner.java:741)
at org.testng.TestRunner.run(TestRunner.java:616)
at org.testng.SuiteRunner.runTest(SuiteRunner.java:421)
at org.testng.SuiteRunner.runSequentially(SuiteRunner.java:413)
at org.testng.SuiteRunner.privateRun(SuiteRunner.java:373)
at org.testng.SuiteRunner.run(SuiteRunner.java:312)
at org.testng.SuiteRunnerWorker.runSuite(SuiteRunnerWorker.java:52)
at org.testng.SuiteRunnerWorker.run(SuiteRunnerWorker.java:95)
at org.testng.TestNG.runSuitesSequentially(TestNG.java:1274)
at org.testng.TestNG.runSuitesLocally(TestNG.java:1208)
at org.testng.TestNG.runSuites(TestNG.java:1112)
at org.testng.TestNG.run(TestNG.java:1079)
at org.apache.maven.surefire.testng.TestNGExecutor.run(TestNGExecutor.java:308)
at org.apache.maven.surefire.testng.TestNGXmlTestSuite.execute(TestNGXmlTestSuite.java:71)
at org.apache.maven.surefire.testng.TestNGProvider.invoke(TestNGProvider.java:113)
at org.apache.maven.surefire.booter.ForkedBooter.runSuitesInProcess(ForkedBooter.java:385)
at org.apache.maven.surefire.booter.ForkedBooter.execute(ForkedBooter.java:162)
at org.apache.maven.surefire.booter.ForkedBooter.run(ForkedBooter.java:507)
at org.apache.maven.surefire.booter.ForkedBooter.main(ForkedBooter.java:495)
Caused by: com.microsoft.playwright.impl.DriverException: Error {
  message='Error: strict mode violation: getByText("ui-btn") resolved to 2 elements:
    1) <span class="ui-button-text ui-clickable">ui-btn</span> aka getByRole(AriaRole.BUTTON, new Page.GetByRoleOptions().setName("ui-btn"))
    2) <span class="ui-button-text ui-clickable">ui-btn</span> aka locator("p-calendar").getByText("ui-btn")

  name='Error
  stack='Error: Error: strict mode violation: getByText("ui-btn") resolved to 2 elements:
    1) <span class="ui-button-text ui-clickable">ui-btn</span> aka getByRole(AriaRole.BUTTON, new Page.GetByRoleOptions().setName("ui-btn"))
    2) <span class="ui-button-text ui-clickable">ui-btn</span> aka locator("p-calendar").getByText("ui-btn")

    at CRExecutionContext.evaluateWithArguments (C:\Users\DELL\AppData\Local\Temp\playwright-java-1539214475558037058\package\lib\server\chromium\crExecutionContext.js:80:13)
    at async LongStandingScope._race (C:\Users\DELL\AppData\Local\Temp\playwright-java-1539214475558037058\package\lib\utils\isomorphic\manualPromise.js:94:14)
    at async evaluateExpression (C:\Users\DELL\AppData\Local\Temp\playwright-java-1539214475558037058\package\lib\server\javascript.js:217:12)
    at async C:\Users\DELL\AppData\Local\Temp\playwright-java-1539214475558037058\package\lib\server\frames.js:910:22
    at async Frame.retryWithProgressAndTimeouts (C:\Users\DELL\AppData\Local\Temp\playwright-java-1539214475558037058\package\lib\server\frames.js:880:24)
    at async Frame.click (C:\Users\DELL\AppData\Local\Temp\playwright-java-1539214475558037058\package\lib\server\frames.js:953:27)
    at async FrameDispatcher.click (C:\Users\DELL\AppData\Local\Temp\playwright-java-1539214475558037058\package\lib\server\dispatchers\frameDispatcher.js:117:12)
    at async ProgressController.run (C:\Users\DELL\AppData\Local\Temp\playwright-java-1539214475558037058\package\lib\server\progress.js:78:22)
    at async FrameDispatcher._runCommand (C:\Users\DELL\AppData\Local\Temp\playwright-java-1539214475558037058\package\lib\server\dispatchers\dispatcher.js:95:14)
    at async DispatcherConnection.dispatch (C:\Users\DELL\AppData\Local\Temp\playwright-java-1539214475558037058\package\lib\server\dispatchers\dispatcher.js:329:22)
}
Call log:
-   - waiting for getByText("ui-btn")

at com.microsoft.playwright.impl.Connection.dispatch(Connection.java:262)
at com.microsoft.playwright.impl.Connection.processOneMessage(Connection.java:214)
at com.microsoft.playwright.impl.ChannelOwner.runUntil(ChannelOwner.java:136)
... 39 more
]]>
    </error>
  </testcase> <!-- search_Root_Location_Folder -->
</testsuite> <!-- tests.HomepageTest -->
